Using pre-set license
Built from '2020.3/staging' branch; Version is '2020.3.29f1 (2ff179115da0) revision 3142009'; Using compiler version '192528614'; Build Type 'Release'
OS: 'Windows 11  (10.0.22000) 64bit CoreSingleLanguage' Language: 'ru' Physical Memory: 8025 MB
BatchMode: 1, IsHumanControllingUs: 0, StartBugReporterOnCrash: 0, Is64bit: 1, IsPro: 0

COMMAND LINE ARGUMENTS:
D:\UnityHub\2020.3.29f1\Editor\Unity.exe
-adb2
-batchMode
-noUpm
-name
AssetImportWorker0
-projectPath
D:/UnityProjects/Test/Test
-logFile
Logs/AssetImportWorker0.log
-srvPort
51460
Successfully changed project path to: D:/UnityProjects/Test/Test
D:/UnityProjects/Test/Test
Using Asset Import Pipeline V2.
Refreshing native plugins compatible for Editor in 39.26 ms, found 2 plugins.
Preloading 0 native plugins for Editor in 0.00 ms.
Initialize engine version: 2020.3.29f1 (2ff179115da0)
[Subsystems] Discovering subsystems at path D:/UnityHub/2020.3.29f1/Editor/Data/Resources/UnitySubsystems
[Subsystems] Discovering subsystems at path D:/UnityProjects/Test/Test/Assets
GfxDevice: creating device client; threaded=0
Direct3D:
    Version:  Direct3D 11.0 [level 11.1]
    Renderer: Intel(R) UHD Graphics (ID=0x9b41)
    Vendor:   
    VRAM:     4012 MB
    Driver:   27.20.100.8984
Initialize mono
Mono path[0] = 'D:/UnityHub/2020.3.29f1/Editor/Data/Managed'
Mono path[1] = 'D:/UnityHub/2020.3.29f1/Editor/Data/MonoBleedingEdge/lib/mono/unityjit'
Mono config path = 'D:/UnityHub/2020.3.29f1/Editor/Data/MonoBleedingEdge/etc'
Using monoOptions --debugger-agent=transport=dt_socket,embedding=1,server=y,suspend=n,address=127.0.0.1:56720
Begin MonoManager ReloadAssembly
Registering precompiled unity dll's ...
Register platform support module: D:/UnityHub/2020.3.29f1/Editor/Data/PlaybackEngines/WindowsStandaloneSupport/UnityEditor.WindowsStandalone.Extensions.dll
Registered in 0.002133 seconds.
Native extension for WindowsStandalone target not found
Refreshing native plugins compatible for Editor in 26.68 ms, found 2 plugins.
Preloading 0 native plugins for Editor in 0.00 ms.
Mono: successfully reloaded assembly
- Completed reload, in  0.561 seconds
Domain Reload Profiling:
	ReloadAssembly (561ms)
		BeginReloadAssembly (73ms)
			ExecutionOrderSort (0ms)
			DisableScriptedObjects (0ms)
			BackupInstance (0ms)
			ReleaseScriptingObjects (0ms)
			CreateAndSetChildDomain (1ms)
		EndReloadAssembly (422ms)
			LoadAssemblies (71ms)
			RebuildTransferFunctionScriptingTraits (0ms)
			SetupTypeCache (144ms)
			ReleaseScriptCaches (0ms)
			RebuildScriptCaches (28ms)
			SetupLoadedEditorAssemblies (164ms)
				LogAssemblyErrors (0ms)
				InitializePlatformSupportModulesInManaged (4ms)
				SetLoadedEditorAssemblies (0ms)
				RefreshPlugins (27ms)
				BeforeProcessingInitializeOnLoad (13ms)
				ProcessInitializeOnLoadAttributes (79ms)
				ProcessInitializeOnLoadMethodAttributes (41ms)
				AfterProcessingInitializeOnLoad (0ms)
				EditorAssembliesLoaded (0ms)
			ExecutionOrderSort2 (0ms)
			AwakeInstancesAfterBackupRestoration (0ms)
Platform modules already initialized, skipping
Registering precompiled user dll's ...
Registered in 0.008327 seconds.
Begin MonoManager ReloadAssembly
Native extension for WindowsStandalone target not found
Refreshing native plugins compatible for Editor in 0.32 ms, found 2 plugins.
Preloading 0 native plugins for Editor in 0.00 ms.
Mono: successfully reloaded assembly
- Completed reload, in  0.962 seconds
Domain Reload Profiling:
	ReloadAssembly (963ms)
		BeginReloadAssembly (137ms)
			ExecutionOrderSort (0ms)
			DisableScriptedObjects (5ms)
			BackupInstance (0ms)
			ReleaseScriptingObjects (0ms)
			CreateAndSetChildDomain (17ms)
		EndReloadAssembly (774ms)
			LoadAssemblies (98ms)
			RebuildTransferFunctionScriptingTraits (0ms)
			SetupTypeCache (271ms)
			ReleaseScriptCaches (0ms)
			RebuildScriptCaches (39ms)
			SetupLoadedEditorAssemblies (273ms)
				LogAssemblyErrors (0ms)
				InitializePlatformSupportModulesInManaged (6ms)
				SetLoadedEditorAssemblies (1ms)
				RefreshPlugins (0ms)
				BeforeProcessingInitializeOnLoad (72ms)
				ProcessInitializeOnLoadAttributes (181ms)
				ProcessInitializeOnLoadMethodAttributes (12ms)
				AfterProcessingInitializeOnLoad (1ms)
				EditorAssembliesLoaded (0ms)
			ExecutionOrderSort2 (0ms)
			AwakeInstancesAfterBackupRestoration (6ms)
Platform modules already initialized, skipping
========================================================================
Worker process is ready to serve import requests
Launched and connected shader compiler UnityShaderCompiler.exe after 0.05 seconds
Refreshing native plugins compatible for Editor in 0.29 ms, found 2 plugins.
Preloading 0 native plugins for Editor in 0.00 ms.
Unloading 1502 Unused Serialized files (Serialized files now loaded: 0)
System memory in use before: 67.4 MB.
System memory in use after: 67.5 MB.

Unloading 16 unused Assets to reduce memory usage. Loaded Objects now: 1938.
Total: 2.527900 ms (FindLiveObjects: 0.130100 ms CreateObjectMapping: 0.046500 ms MarkObjects: 2.290200 ms  DeleteObjects: 0.060600 ms)

AssetImportParameters requested are different than current active one (requested -> active):
  custom:framework-win-MediaFoundation: 216162199b28c13a410421893ffa2e32 -> 
  custom:video-decoder-ogg-theora: a1e56fd34408186e4bbccfd4996cb3dc -> 
  custom:container-muxer-webm: aa71ff27fc2769a1b78a27578f13a17b -> 
  custom:container-demuxer-webm: 4f35f7cbe854078d1ac9338744f61a02 -> 
  custom:container-demuxer-ogg: 62fdf1f143b41e24485cea50d1cbac27 -> 
  custom:video-encoder-webm-vp8: eb34c28f22e8b96e1ab97ce403110664 -> 
  custom:video-codec-MediaFoundation-h265: 746d11721c4dcdbdad8f713fa42b33f4 -> 
  custom:video-decoder-webm-vp8: 9c59270c3fd7afecdb556c50c9e8de78 -> 
  custom:audio-decoder-ogg-vorbis: bf7c407c2cedff20999df2af8eb42d56 -> 
  custom:audio-encoder-webm-vorbis: bf7c407c2cedff20999df2af8eb42d56 -> 
========================================================================
Received Import Request.
  path: Assets
  artifactKey: Guid(00000000000000001000000000000000) Importer(815301076,1909f56bfc062723c751e8b465ee728b)
Start importing Assets using Guid(00000000000000001000000000000000) Importer(815301076,1909f56bfc062723c751e8b465ee728b)  -> (artifact id: '42d402b061de3733987d63b9cc3b64de') in 0.006762 seconds 
  Import took 0.010967 seconds .

========================================================================
Received Import Request.
  Time since last request: 6.005405 seconds.
  path: Assets/Media
  artifactKey: Guid(264836573b3a65c49b9c218410333907) Importer(815301076,1909f56bfc062723c751e8b465ee728b)
Start importing Assets/Media using Guid(264836573b3a65c49b9c218410333907) Importer(815301076,1909f56bfc062723c751e8b465ee728b)  -> (artifact id: '225158ae9e8f23d8958597777200341d') in 0.001626 seconds 
  Import took 0.005004 seconds .

========================================================================
Received Import Request.
  Time since last request: 94.930845 seconds.
  path: Assets/Media/New Material.mat
  artifactKey: Guid(cd2c07ee07a4c144aa86f50d4a0a21c9) Importer(815301076,1909f56bfc062723c751e8b465ee728b)
Start importing Assets/Media/New Material.mat using Guid(cd2c07ee07a4c144aa86f50d4a0a21c9) Importer(815301076,1909f56bfc062723c751e8b465ee728b)  -> (artifact id: 'c9fad69a53bc3d689fc8a3320782df99') in 0.632092 seconds 
  Import took 0.635603 seconds .

========================================================================
Received Import Request.
  Time since last request: 241.038696 seconds.
  path: Assets/Media/Снимок экрана 2022-04-13 164516.jpg
  artifactKey: Guid(5d87e66d625af804b90a40a1a5068c03) Importer(815301076,1909f56bfc062723c751e8b465ee728b)
Start importing Assets/Media/Снимок экрана 2022-04-13 164516.jpg using Guid(5d87e66d625af804b90a40a1a5068c03) Importer(815301076,1909f56bfc062723c751e8b465ee728b)  -> (artifact id: '2ab2eb69327f5970fd338e85a67ddbc3') in 0.033138 seconds 
  Import took 0.036730 seconds .

========================================================================
Received Import Request.
  Time since last request: 707.784004 seconds.
  path: Assets/Media/Снимок экрана 2022-04-13 164540.png
  artifactKey: Guid(458767345837805448c9d4c06994b54b) Importer(815301076,1909f56bfc062723c751e8b465ee728b)
Start importing Assets/Media/Снимок экрана 2022-04-13 164540.png using Guid(458767345837805448c9d4c06994b54b) Importer(815301076,1909f56bfc062723c751e8b465ee728b)  -> (artifact id: '7241878510434fd1da1173c0a725125b') in 0.008311 seconds 
  Import took 0.011792 seconds .

========================================================================
Received Import Request.
  Time since last request: 19.369708 seconds.
  path: Assets/Media/Снимок экрана 2022-04-13 164540.png
  artifactKey: Guid(458767345837805448c9d4c06994b54b) Importer(815301076,1909f56bfc062723c751e8b465ee728b)
Start importing Assets/Media/Снимок экрана 2022-04-13 164540.png using Guid(458767345837805448c9d4c06994b54b) Importer(815301076,1909f56bfc062723c751e8b465ee728b)  -> (artifact id: '8a47f2980dd863ae477356701fc8e0b3') in 0.011730 seconds 
  Import took 0.015412 seconds .

AssetImportWorkerClient::OnTransportError - code=2 error=End of file
